[INFO] Scanning for projects...
[INFO] ------------------------------------------------------------------------
[INFO] Reactor Build Order:
[INFO] 
[INFO] gr2116-project                                                     [pom]
[INFO] core                                                               [jar]
[INFO] persistence                                                        [jar]
[INFO] ui                                                                 [jar]
[INFO] RESTservice                                                        [jar]
[INFO] 
[INFO] -----------------------< gr2116:gr2116-project >------------------------
[INFO] Building gr2116-project 0.0.1-SNAPSHOT                             [1/5]
[INFO] --------------------------------[ pom ]---------------------------------
[INFO] 
[INFO] --- maven-clean-plugin:2.5:clean (default-clean) @ gr2116-project ---
[INFO] 
[INFO] --- maven-install-plugin:2.4:install (default-install) @ gr2116-project ---
[INFO] Installing /Users/computerman/Documents/NTNU/ITProsjekt/gr2116/gr2116-project/pom.xml to /Users/computerman/.m2/repository/gr2116/gr2116-project/0.0.1-SNAPSHOT/gr2116-project-0.0.1-SNAPSHOT.pom
[INFO] 
[INFO] ----------------------------< gr2116:core >-----------------------------
[INFO] Building core 0.0.1-SNAPSHOT                                       [2/5]
[INFO] --------------------------------[ jar ]---------------------------------
[INFO] 
[INFO] --- maven-clean-plugin:2.5:clean (default-clean) @ core ---
[INFO] Deleting /Users/computerman/Documents/NTNU/ITProsjekt/gr2116/gr2116-project/core/target
[INFO] 
[INFO] --- jacoco-maven-plugin:0.8.7:prepare-agent (default) @ core ---
[INFO] argLine set to -javaagent:/Users/computerman/.m2/repository/org/jacoco/org.jacoco.agent/0.8.7/org.jacoco.agent-0.8.7-runtime.jar=destfile=/Users/computerman/Documents/NTNU/ITProsjekt/gr2116/gr2116-project/core/target/jacoco.exec
[INFO] 
[INFO] --- maven-resources-plugin:2.6:resources (default-resources) @ core ---
[INFO] Using 'UTF-8' encoding to copy filtered resources.
[INFO] skip non existing resourceDirectory /Users/computerman/Documents/NTNU/ITProsjekt/gr2116/gr2116-project/core/src/main/resources
[INFO] 
[INFO] --- maven-compiler-plugin:3.8.1:compile (default-compile) @ core ---
[INFO] Changes detected - recompiling the module!
[INFO] Compiling 9 source files to /Users/computerman/Documents/NTNU/ITProsjekt/gr2116/gr2116-project/core/target/classes
[INFO] 
[INFO] --- maven-resources-plugin:2.6:testResources (default-testResources) @ core ---
[INFO] Using 'UTF-8' encoding to copy filtered resources.
[INFO] skip non existing resourceDirectory /Users/computerman/Documents/NTNU/ITProsjekt/gr2116/gr2116-project/core/src/test/resources
[INFO] 
[INFO] --- maven-compiler-plugin:3.8.1:testCompile (default-testCompile) @ core ---
[INFO] Changes detected - recompiling the module!
[INFO] Compiling 5 source files to /Users/computerman/Documents/NTNU/ITProsjekt/gr2116/gr2116-project/core/target/test-classes
[INFO] 
[INFO] --- maven-surefire-plugin:3.0.0-M5:test (default-test) @ core ---
[INFO] 
[INFO] -------------------------------------------------------
[INFO]  T E S T S
[INFO] -------------------------------------------------------
[INFO] Running gr2116.core.PersonTest
[INFO] Tests run: 4, Failures: 0, Errors: 0, Skipped: 0, Time elapsed: 1.565 s - in gr2116.core.PersonTest
[INFO] Running gr2116.core.HotelTest
[Warning]: Tried to add a room that was already added.
[INFO] Tests run: 6, Failures: 0, Errors: 0, Skipped: 0, Time elapsed: 0.037 s - in gr2116.core.HotelTest
[INFO] Running gr2116.core.ReservationCalenderTest
[INFO] Tests run: 3, Failures: 0, Errors: 0, Skipped: 0, Time elapsed: 0.017 s - in gr2116.core.ReservationCalenderTest
[INFO] Running gr2116.core.HotelRoomTest
[INFO] Tests run: 6, Failures: 0, Errors: 0, Skipped: 0, Time elapsed: 0.296 s - in gr2116.core.HotelRoomTest
[INFO] Running gr2116.core.ReservationTest
[INFO] Tests run: 5, Failures: 0, Errors: 0, Skipped: 0, Time elapsed: 0.03 s - in gr2116.core.ReservationTest
[INFO] 
[INFO] Results:
[INFO] 
[INFO] Tests run: 24, Failures: 0, Errors: 0, Skipped: 0
[INFO] 
[INFO] 
[INFO] --- jacoco-maven-plugin:0.8.7:report (report) @ core ---
[INFO] Loading execution data file /Users/computerman/Documents/NTNU/ITProsjekt/gr2116/gr2116-project/core/target/jacoco.exec
[INFO] Analyzed bundle 'core' with 7 classes
[INFO] 
[INFO] --- maven-jar-plugin:2.4:jar (default-jar) @ core ---
[INFO] Building jar: /Users/computerman/Documents/NTNU/ITProsjekt/gr2116/gr2116-project/core/target/core-0.0.1-SNAPSHOT.jar
[INFO] 
[INFO] --- maven-install-plugin:2.4:install (default-install) @ core ---
[INFO] Installing /Users/computerman/Documents/NTNU/ITProsjekt/gr2116/gr2116-project/core/target/core-0.0.1-SNAPSHOT.jar to /Users/computerman/.m2/repository/gr2116/core/0.0.1-SNAPSHOT/core-0.0.1-SNAPSHOT.jar
[INFO] Installing /Users/computerman/Documents/NTNU/ITProsjekt/gr2116/gr2116-project/core/pom.xml to /Users/computerman/.m2/repository/gr2116/core/0.0.1-SNAPSHOT/core-0.0.1-SNAPSHOT.pom
[INFO] 
[INFO] -------------------------< gr2116:persistence >-------------------------
[INFO] Building persistence 0.0.1-SNAPSHOT                                [3/5]
[INFO] --------------------------------[ jar ]---------------------------------
[INFO] 
[INFO] --- maven-clean-plugin:2.5:clean (default-clean) @ persistence ---
[INFO] Deleting /Users/computerman/Documents/NTNU/ITProsjekt/gr2116/gr2116-project/persistence/target
[INFO] 
[INFO] --- jacoco-maven-plugin:0.8.7:prepare-agent (default) @ persistence ---
[INFO] argLine set to -javaagent:/Users/computerman/.m2/repository/org/jacoco/org.jacoco.agent/0.8.7/org.jacoco.agent-0.8.7-runtime.jar=destfile=/Users/computerman/Documents/NTNU/ITProsjekt/gr2116/gr2116-project/persistence/target/jacoco.exec
[INFO] 
[INFO] --- maven-resources-plugin:2.6:resources (default-resources) @ persistence ---
[INFO] Using 'UTF-8' encoding to copy filtered resources.
[INFO] skip non existing resourceDirectory /Users/computerman/Documents/NTNU/ITProsjekt/gr2116/gr2116-project/persistence/src/main/resources
[INFO] 
[INFO] --- maven-compiler-plugin:3.8.1:compile (default-compile) @ persistence ---
[INFO] Changes detected - recompiling the module!
[INFO] Compiling 3 source files to /Users/computerman/Documents/NTNU/ITProsjekt/gr2116/gr2116-project/persistence/target/classes
[INFO] 
[INFO] --- maven-resources-plugin:2.6:testResources (default-testResources) @ persistence ---
[INFO] Using 'UTF-8' encoding to copy filtered resources.
[INFO] skip non existing resourceDirectory /Users/computerman/Documents/NTNU/ITProsjekt/gr2116/gr2116-project/persistence/src/test/resources
[INFO] 
[INFO] --- maven-compiler-plugin:3.8.1:testCompile (default-testCompile) @ persistence ---
[INFO] Changes detected - recompiling the module!
[INFO] Compiling 1 source file to /Users/computerman/Documents/NTNU/ITProsjekt/gr2116/gr2116-project/persistence/target/test-classes
[INFO] 
[INFO] --- maven-surefire-plugin:3.0.0-M5:test (default-test) @ persistence ---
[INFO] 
[INFO] -------------------------------------------------------
[INFO]  T E S T S
[INFO] -------------------------------------------------------
[INFO] Running gr2116.persistence.PersistenceTest
[INFO] Tests run: 2, Failures: 0, Errors: 0, Skipped: 0, Time elapsed: 0.25 s - in gr2116.persistence.PersistenceTest
[INFO] 
[INFO] Results:
[INFO] 
[INFO] Tests run: 2, Failures: 0, Errors: 0, Skipped: 0
[INFO] 
[INFO] 
[INFO] --- jacoco-maven-plugin:0.8.7:report (report) @ persistence ---
[INFO] Loading execution data file /Users/computerman/Documents/NTNU/ITProsjekt/gr2116/gr2116-project/persistence/target/jacoco.exec
[INFO] Analyzed bundle 'persistence' with 2 classes
[INFO] 
[INFO] --- maven-jar-plugin:2.4:jar (default-jar) @ persistence ---
[INFO] Building jar: /Users/computerman/Documents/NTNU/ITProsjekt/gr2116/gr2116-project/persistence/target/persistence-0.0.1-SNAPSHOT.jar
[INFO] 
[INFO] --- maven-install-plugin:2.4:install (default-install) @ persistence ---
[INFO] Installing /Users/computerman/Documents/NTNU/ITProsjekt/gr2116/gr2116-project/persistence/target/persistence-0.0.1-SNAPSHOT.jar to /Users/computerman/.m2/repository/gr2116/persistence/0.0.1-SNAPSHOT/persistence-0.0.1-SNAPSHOT.jar
[INFO] Installing /Users/computerman/Documents/NTNU/ITProsjekt/gr2116/gr2116-project/persistence/pom.xml to /Users/computerman/.m2/repository/gr2116/persistence/0.0.1-SNAPSHOT/persistence-0.0.1-SNAPSHOT.pom
[INFO] 
[INFO] -----------------------------< gr2116:ui >------------------------------
[INFO] Building ui 0.0.1-SNAPSHOT                                         [4/5]
[INFO] --------------------------------[ jar ]---------------------------------
[INFO] 
[INFO] --- maven-clean-plugin:2.5:clean (default-clean) @ ui ---
[INFO] Deleting /Users/computerman/Documents/NTNU/ITProsjekt/gr2116/gr2116-project/ui/target
[INFO] 
[INFO] --- jacoco-maven-plugin:0.8.7:prepare-agent (default) @ ui ---
[INFO] argLine set to -javaagent:/Users/computerman/.m2/repository/org/jacoco/org.jacoco.agent/0.8.7/org.jacoco.agent-0.8.7-runtime.jar=destfile=/Users/computerman/Documents/NTNU/ITProsjekt/gr2116/gr2116-project/ui/target/jacoco.exec
[INFO] 
[INFO] --- maven-resources-plugin:2.6:resources (default-resources) @ ui ---
[INFO] Using 'UTF-8' encoding to copy filtered resources.
[INFO] Copying 7 resources
[INFO] 
[INFO] --- maven-compiler-plugin:3.8.1:compile (default-compile) @ ui ---
[INFO] Changes detected - recompiling the module!
[INFO] Compiling 13 source files to /Users/computerman/Documents/NTNU/ITProsjekt/gr2116/gr2116-project/ui/target/classes
[INFO] 
[INFO] --- maven-resources-plugin:2.6:testResources (default-testResources) @ ui ---
[INFO] Using 'UTF-8' encoding to copy filtered resources.
[INFO] skip non existing resourceDirectory /Users/computerman/Documents/NTNU/ITProsjekt/gr2116/gr2116-project/ui/src/test/resources
[INFO] 
[INFO] --- maven-compiler-plugin:3.8.1:testCompile (default-testCompile) @ ui ---
[INFO] Changes detected - recompiling the module!
[INFO] Compiling 1 source file to /Users/computerman/Documents/NTNU/ITProsjekt/gr2116/gr2116-project/ui/target/test-classes
[INFO] 
[INFO] --- maven-surefire-plugin:3.0.0-M5:test (default-test) @ ui ---
[INFO] 
[INFO] -------------------------------------------------------
[INFO]  T E S T S
[INFO] -------------------------------------------------------
[ERROR] Error: could not open `{jaCoCoArgLine}'
[INFO] 
[INFO] Results:
[INFO] 
[INFO] Tests run: 0, Failures: 0, Errors: 0, Skipped: 0
[INFO] 
[INFO] ------------------------------------------------------------------------
[INFO] Reactor Summary for gr2116-project 0.0.1-SNAPSHOT:
[INFO] 
[INFO] gr2116-project ..................................... SUCCESS [  0.591 s]
[INFO] core ............................................... SUCCESS [ 10.646 s]
[INFO] persistence ........................................ SUCCESS [  3.322 s]
[INFO] ui ................................................. FAILURE [  1.629 s]
[INFO] RESTservice ........................................ SKIPPED
[INFO] ------------------------------------------------------------------------
[INFO] BUILD FAILURE
[INFO] ------------------------------------------------------------------------
[INFO] Total time:  16.350 s
[INFO] Finished at: 2021-10-14T11:34:46+02:00
[INFO] ------------------------------------------------------------------------
[ERROR] Failed to execute goal org.apache.maven.plugins:maven-surefire-plugin:3.0.0-M5:test (default-test) on project ui: There are test failures.
[ERROR] 
[ERROR] Please refer to /Users/computerman/Documents/NTNU/ITProsjekt/gr2116/gr2116-project/ui/target/surefire-reports for the individual test results.
[ERROR] Please refer to dump files (if any exist) [date].dump, [date]-jvmRun[N].dump and [date].dumpstream.
[ERROR] The forked VM terminated without properly saying goodbye. VM crash or System.exit called?
[ERROR] Command was /bin/sh -c cd /Users/computerman/Documents/NTNU/ITProsjekt/gr2116/gr2116-project/ui && /Library/Java/JavaVirtualMachines/temurin-16.jdk/Contents/Home/bin/java '@{jaCoCoArgLine}' --add-opens gr2116.ui/gr2116.ui=ALL-UNNAMED --add-exports javafx.graphics/com.sun.javafx.application=ALL-UNNAMED @/Users/computerman/Documents/NTNU/ITProsjekt/gr2116/gr2116-project/ui/target/surefire/surefireargs15015735492936763518 /Users/computerman/Documents/NTNU/ITProsjekt/gr2116/gr2116-project/ui/target/surefire 2021-10-14T11-34-35_406-jvmRun1 surefire12069113184785740086tmp surefire_215376578788762721824tmp
[ERROR] Error occurred in starting fork, check output in log
[ERROR] Process Exit Code: 1
[ERROR] org.apache.maven.surefire.booter.SurefireBooterForkException: The forked VM terminated without properly saying goodbye. VM crash or System.exit called?
[ERROR] Command was /bin/sh -c cd /Users/computerman/Documents/NTNU/ITProsjekt/gr2116/gr2116-project/ui && /Library/Java/JavaVirtualMachines/temurin-16.jdk/Contents/Home/bin/java '@{jaCoCoArgLine}' --add-opens gr2116.ui/gr2116.ui=ALL-UNNAMED --add-exports javafx.graphics/com.sun.javafx.application=ALL-UNNAMED @/Users/computerman/Documents/NTNU/ITProsjekt/gr2116/gr2116-project/ui/target/surefire/surefireargs15015735492936763518 /Users/computerman/Documents/NTNU/ITProsjekt/gr2116/gr2116-project/ui/target/surefire 2021-10-14T11-34-35_406-jvmRun1 surefire12069113184785740086tmp surefire_215376578788762721824tmp
[ERROR] Error occurred in starting fork, check output in log
[ERROR] Process Exit Code: 1
[ERROR] 	at org.apache.maven.plugin.surefire.booterclient.ForkStarter.fork(ForkStarter.java:748)
[ERROR] 	at org.apache.maven.plugin.surefire.booterclient.ForkStarter.run(ForkStarter.java:305)
[ERROR] 	at org.apache.maven.plugin.surefire.booterclient.ForkStarter.run(ForkStarter.java:265)
[ERROR] 	at org.apache.maven.plugin.surefire.AbstractSurefireMojo.executeProvider(AbstractSurefireMojo.java:1314)
[ERROR] 	at org.apache.maven.plugin.surefire.AbstractSurefireMojo.executeAfterPreconditionsChecked(AbstractSurefireMojo.java:1159)
[ERROR] 	at org.apache.maven.plugin.surefire.AbstractSurefireMojo.execute(AbstractSurefireMojo.java:932)
[ERROR] 	at org.apache.maven.plugin.DefaultBuildPluginManager.executeMojo(DefaultBuildPluginManager.java:137)
[ERROR] 	at org.apache.maven.lifecycle.internal.MojoExecutor.execute(MojoExecutor.java:210)
[ERROR] 	at org.apache.maven.lifecycle.internal.MojoExecutor.execute(MojoExecutor.java:156)
[ERROR] 	at org.apache.maven.lifecycle.internal.MojoExecutor.execute(MojoExecutor.java:148)
[ERROR] 	at org.apache.maven.lifecycle.internal.LifecycleModuleBuilder.buildProject(LifecycleModuleBuilder.java:117)
[ERROR] 	at org.apache.maven.lifecycle.internal.LifecycleModuleBuilder.buildProject(LifecycleModuleBuilder.java:81)
[ERROR] 	at org.apache.maven.lifecycle.internal.builder.singlethreaded.SingleThreadedBuilder.build(SingleThreadedBuilder.java:56)
[ERROR] 	at org.apache.maven.lifecycle.internal.LifecycleStarter.execute(LifecycleStarter.java:128)
[ERROR] 	at org.apache.maven.DefaultMaven.doExecute(DefaultMaven.java:305)
[ERROR] 	at org.apache.maven.DefaultMaven.doExecute(DefaultMaven.java:192)
[ERROR] 	at org.apache.maven.DefaultMaven.execute(DefaultMaven.java:105)
[ERROR] 	at org.apache.maven.cli.MavenCli.execute(MavenCli.java:972)
[ERROR] 	at org.apache.maven.cli.MavenCli.doMain(MavenCli.java:293)
[ERROR] 	at org.apache.maven.cli.MavenCli.main(MavenCli.java:196)
[ERROR] 	at java.base/jdk.internal.reflect.NativeMethodAccessorImpl.invoke0(Native Method)
[ERROR] 	at java.base/jdk.internal.reflect.NativeMethodAccessorImpl.invoke(NativeMethodAccessorImpl.java:78)
[ERROR] 	at java.base/jdk.internal.reflect.DelegatingMethodAccessorImpl.invoke(DelegatingMethodAccessorImpl.java:43)
[ERROR] 	at java.base/java.lang.reflect.Method.invoke(Method.java:567)
[ERROR] 	at org.codehaus.plexus.classworlds.launcher.Launcher.launchEnhanced(Launcher.java:282)
[ERROR] 	at org.codehaus.plexus.classworlds.launcher.Launcher.launch(Launcher.java:225)
[ERROR] 	at org.codehaus.plexus.classworlds.launcher.Launcher.mainWithExitCode(Launcher.java:406)
[ERROR] 	at org.codehaus.plexus.classworlds.launcher.Launcher.main(Launcher.java:347)
[ERROR] 
[ERROR] -> [Help 1]
[ERROR] 
[ERROR] To see the full stack trace of the errors, re-run Maven with the -e switch.
[ERROR] Re-run Maven using the -X switch to enable full debug logging.
[ERROR] 
[ERROR] For more information about the errors and possible solutions, please read the following articles:
[ERROR] [Help 1] http://cwiki.apache.org/confluence/display/MAVEN/MojoExecutionException
[ERROR] 
[ERROR] After correcting the problems, you can resume the build with the command
[ERROR]   mvn <args> -rf :ui
